<?xml version="1.0" encoding="UTF-8"?>
<!-- Generated by org.testng.reporters.JUnitReportReporter -->
<testsuite skipped="0" hostname="EC2AMAZ-7GLQJ8B" name="library_API.DynamicPayload" tests="6" failures="0" timestamp="2020-12-27T13:59:15 UTC" time="11.053" errors="0">
  <testcase name="addBook" time="0.410" classname="library_API.DynamicPayload"/>
  <system-out/>
  <testcase name="deleteBook" time="0.351" classname="library_API.DynamicPayload"/>
  <system-out/>
  <testcase name="deleteBook" time="0.377" classname="library_API.DynamicPayload"/>
  <system-out/>
  <testcase name="addBook" time="9.000" classname="library_API.DynamicPayload"/>
  <system-out/>
  <testcase name="addBook" time="0.577" classname="library_API.DynamicPayload"/>
  <system-out/>
  <testcase name="deleteBook" time="0.338" classname="library_API.DynamicPayload"/>
  <system-out/>
</testsuite> <!-- library_API.DynamicPayload -->
